<?xml version="1.0" encoding="UTF-8"?>
<!-- Generated by org.testng.reporters.JUnitReportReporter -->
<testsuite skipped="0" hostname="W7-PC" name="com.clc.test.cases.TC_Login_3" tests="1" failures="0" timestamp="23 Aug 2019 05:13:49 GMT" time="10.159" errors="0">
  <testcase name="addCustomer" time="10.159" classname="com.clc.test.cases.TC_Login_3"/>
</testsuite> <!-- com.clc.test.cases.TC_Login_3 -->
