<?xml version="1.0" encoding="UTF-8"?>
<!-- Generated by org.testng.reporters.JUnitReportReporter -->
<testsuite skipped="0" hostname="W7-PC" name="com.clc.test.cases.TC_Login_3" tests="1" failures="0" timestamp="24 Aug 2019 08:47:01 GMT" time="23.141" errors="0">
  <testcase name="addCustomer" time="23.141" classname="com.clc.test.cases.TC_Login_3"/>
</testsuite> <!-- com.clc.test.cases.TC_Login_3 -->
